<testsuites id="" name="" tests="2" failures="0" skipped="0" errors="0" time="38.539762">
<testsuite name="global.setup.js" timestamp="2025-05-06T09:54:33.348Z" hostname="setup" tests="1" failures="0" skipped="0" time="14.38" errors="0">
<testcase name="Setting up Authenticate" classname="global.setup.js" time="14.38">
<system-out>
<![CDATA[Starting authentication setup...
Running in pipeline: No
Using standard authentication flow...
Starting Azure AD B2C login flow...
Clicking Connect button...
Entering username...
Entering password...
Submitting login form...
Login flow completed
Verifying successful login...
Current URL: https://app-dev.auditmypayroll.com.au/home
Expected URL: https://app-dev.auditmypayroll.com.au/home
Saving authentication state...
Authentication setup completed successfully
]]>
</system-out>
</testcase>
</testsuite>
<testsuite name="features\compliancer\completeAssessment.spec.js" timestamp="2025-05-06T09:54:33.348Z" hostname="chrome-authenticated" tests="1" failures="0" skipped="0" time="21.434" errors="0">
<testcase name="Complete assessment › complete assessment for people pillar" classname="features\compliancer\completeAssessment.spec.js" time="21.434">
</testcase>
</testsuite>
</testsuites>